<?xml version="1.0" encoding="utf-8"?><testsuite errors="0" failures="0" name="pytest" skipped="0" tests="16" time="0.160"><testcase classname="test.test_formater.TestFormater" name="test_format_to_json" time="0.001"></testcase><testcase classname="test.test_formater.TestFormater" name="test_format_to_xml" time="0.001"></testcase><testcase classname="test.test_formater.TestFormater" name="test_get_formatted_1" time="0.000"></testcase><testcase classname="test.test_formater.TestFormater" name="test_get_formatted_2" time="0.000"></testcase><testcase classname="test.test_formater.TestFormater" name="test_get_formatted_3" time="0.000"></testcase><testcase classname="test.test_formater.TestFormater" name="test_get_formatted_4" time="0.000"></testcase><testcase classname="test.test_formater.TestFormater" name="test_get_formatted_5" time="0.000"></testcase><testcase classname="test.test_formater.TestFormater" name="test_plain_lowercase" time="0.000"></testcase><testcase classname="test.test_formater.TestFormater" name="test_plain_text" time="0.000"></testcase><testcase classname="test.test_formater.TestFormater" name="test_plain_uppercase" time="0.001"></testcase><testcase classname="test.test_views.TestViews" name="test_msg_output" time="0.014"></testcase><testcase classname="test.test_views.TestViews" name="test_msg_with_output_json" time="0.001"></testcase><testcase classname="test.test_views.TestViews" name="test_msg_with_output_name_json" time="0.001"></testcase><testcase classname="test.test_views.TestViews" name="test_msg_with_output_name_xml" time="0.001"></testcase><testcase classname="test.test_views.TestViews" name="test_msg_with_output_xml" time="0.001"></testcase><testcase classname="test.test_views.TestViews" name="test_outputs" time="0.001"></testcase></testsuite>